0 info it worked if it ends with ok
1 verbose cli [ 'C:\\Program Files\\nodejs\\node.exe',
1 verbose cli   'C:\\Program Files\\nodejs\\node_modules\\npm\\bin\\npm-cli.js',
1 verbose cli   'start' ]
2 info using npm@3.10.10
3 info using node@v6.11.0
4 verbose run-script [ 'prestart', 'start', 'poststart' ]
5 info lifecycle bloc-frontend-project-starter@0.0.3~prestart: bloc-frontend-project-starter@0.0.3
6 silly lifecycle bloc-frontend-project-starter@0.0.3~prestart: no script for prestart, continuing
7 info lifecycle bloc-frontend-project-starter@0.0.3~start: bloc-frontend-project-starter@0.0.3
8 verbose lifecycle bloc-frontend-project-starter@0.0.3~start: unsafe-perm in lifecycle true
9 verbose lifecycle bloc-frontend-project-starter@0.0.3~start: PATH: C:\Program Files\nodejs\node_modules\npm\bin\node-gyp-bin;C:\Users\matth\Documents\bloc\bloc-chat\node_modules\.bin;C:\Program Files (x86)\Intel\iCLS Client\;C:\Program Files\Intel\iCLS Client\;C:\windows\system32;C:\windows;C:\windows\System32\Wbem;C:\windows\System32\WindowsPowerShell\v1.0\;C:\Program Files (x86)\NVIDIA Corporation\PhysX\Common;c:\Program Files\Intel\WiFi\bin\;c:\Program Files\Common Files\Intel\WirelessCommon\;C:\Program Files (x86)\Intel\Intel(R) Management Engine Components\DAL;C:\Program Files\Intel\Intel(R) Management Engine Components\DAL;C:\Program Files (x86)\Intel\Intel(R) Management Engine Components\IPT;C:\Program Files\Intel\Intel(R) Management Engine Components\IPT;C:\WINDOWS\system32;C:\WINDOWS;C:\WINDOWS\System32\Wbem;C:\WINDOWS\System32\WindowsPowerShell\v1.0\;C:\Program Files\nodejs\;C:\Users\matth\AppData\Local\Microsoft\WindowsApps;C:\Users\matth\AppData\Local\atom\bin;C:\Users\matth\AppData\Roaming\npm;C:\Program Files (x86)\Microsoft VS Code\bin
10 verbose lifecycle bloc-frontend-project-starter@0.0.3~start: CWD: C:\Users\matth\Documents\bloc\bloc-chat
11 silly lifecycle bloc-frontend-project-starter@0.0.3~start: Args: [ '/d /s /c', 'node server.js' ]
12 verbose stack Error: kill ENOSYS
12 verbose stack     at exports._errnoException (util.js:1018:11)
12 verbose stack     at process.kill (internal/process.js:190:13)
12 verbose stack     at process.listener (C:\Program Files\nodejs\node_modules\npm\node_modules\npmlog\node_modules\gauge\node_modules\signal-exit\index.js:86:15)
12 verbose stack     at emitNone (events.js:91:20)
12 verbose stack     at process.emit (events.js:185:7)
12 verbose stack     at processEmit (C:\Program Files\nodejs\node_modules\npm\node_modules\npmlog\node_modules\gauge\node_modules\signal-exit\index.js:146:32)
12 verbose stack     at processEmit (C:\Program Files\nodejs\node_modules\npm\node_modules\npm-registry-client\node_modules\npmlog\node_modules\gauge\node_modules\signal-exit\index.js:146:32)
12 verbose stack     at Signal.wrap.onsignal (internal/process.js:217:44)
13 verbose cwd C:\Users\matth\Documents\bloc\bloc-chat
14 error Windows_NT 10.0.15063
15 error argv "C:\\Program Files\\nodejs\\node.exe" "C:\\Program Files\\nodejs\\node_modules\\npm\\bin\\npm-cli.js" "start"
16 error node v6.11.0
17 error npm  v3.10.10
18 error code ENOSYS
19 error errno ENOSYS
20 error syscall kill
21 error kill ENOSYS
22 error If you need help, you may report this error at:
22 error     <https://github.com/npm/npm/issues>
23 verbose exit [ 1, true ]
